{"contracts/Raffle.sol":{"l":{"61":0,"62":0,"63":0,"64":0,"65":0,"66":0,"67":0,"68":0,"75":0,"76":0,"77":0,"78":0,"79":0,"80":0,"81":0,"83":0,"84":0,"86":0,"90":0,"91":0,"93":0,"94":0,"96":0,"97":0,"119":0,"120":0,"121":0,"122":0,"123":0,"132":0,"133":0,"134":0,"140":0,"141":0,"148":0,"154":0,"158":0,"162":0,"166":0,"170":0,"174":0,"178":0,"182":0},"path":"/home/andrew/tutorial/hh-fcc/hardhat-smart-raffle/contracts/Raffle.sol","s":{"1":0,"2":0,"3":0,"4":0,"5":0,"6":0,"7":0,"8":0,"9":0,"10":0,"11":0,"12":0,"13":0,"14":0,"15":0,"16":0,"17":0,"18":0,"19":0,"20":0,"21":0,"22":0,"23":0,"24":0,"25":0},"b":{"1":[0,0],"2":[0,0],"3":[0,0],"4":[0,0]},"f":{"1":0,"2":0,"3":0,"4":0,"5":0,"6":0,"7":0,"8":0,"9":0,"10":0,"11":0,"12":0,"13":0},"fnMap":{"1":{"name":"constructor","line":60,"loc":{"start":{"line":53,"column":4},"end":{"line":69,"column":4}}},"2":{"name":"fulfillRandomWords","line":71,"loc":{"start":{"line":71,"column":4},"end":{"line":87,"column":4}}},"3":{"name":"enterRaffle","line":89,"loc":{"start":{"line":89,"column":4},"end":{"line":98,"column":4}}},"4":{"name":"checkUpkeep","line":109,"loc":{"start":{"line":109,"column":4},"end":{"line":124,"column":4}}},"5":{"name":"performUpkeep","line":126,"loc":{"start":{"line":126,"column":4},"end":{"line":149,"column":4}}},"6":{"name":"getEntranceFee","line":153,"loc":{"start":{"line":153,"column":4},"end":{"line":155,"column":4}}},"7":{"name":"getPlayer","line":157,"loc":{"start":{"line":157,"column":4},"end":{"line":159,"column":4}}},"8":{"name":"getRecentWinner","line":161,"loc":{"start":{"line":161,"column":4},"end":{"line":163,"column":4}}},"9":{"name":"getRaffleStage","line":165,"loc":{"start":{"line":165,"column":4},"end":{"line":167,"column":4}}},"10":{"name":"getNumWords","line":169,"loc":{"start":{"line":169,"column":4},"end":{"line":171,"column":4}}},"11":{"name":"getNumberOfPlayers","line":173,"loc":{"start":{"line":173,"column":4},"end":{"line":175,"column":4}}},"12":{"name":"getLatestTimestamp","line":177,"loc":{"start":{"line":177,"column":4},"end":{"line":179,"column":4}}},"13":{"name":"getRequestConfirmations","line":181,"loc":{"start":{"line":181,"column":4},"end":{"line":183,"column":4}}}},"statementMap":{"1":{"start":{"line":75,"column":8},"end":{"line":75,"column":65}},"2":{"start":{"line":76,"column":8},"end":{"line":76,"column":63}},"3":{"start":{"line":81,"column":8},"end":{"line":81,"column":78}},"4":{"start":{"line":83,"column":8},"end":{"line":83,"column":2938}},"5":{"start":{"line":86,"column":8},"end":{"line":86,"column":39}},"6":{"start":{"line":90,"column":8},"end":{"line":90,"column":3109}},"7":{"start":{"line":93,"column":8},"end":{"line":93,"column":3210}},"8":{"start":{"line":96,"column":8},"end":{"line":96,"column":42}},"9":{"start":{"line":97,"column":8},"end":{"line":97,"column":36}},"10":{"start":{"line":119,"column":8},"end":{"line":119,"column":57}},"11":{"start":{"line":120,"column":8},"end":{"line":120,"column":76}},"12":{"start":{"line":121,"column":8},"end":{"line":121,"column":48}},"13":{"start":{"line":122,"column":8},"end":{"line":122,"column":51}},"14":{"start":{"line":132,"column":8},"end":{"line":132,"column":47}},"15":{"start":{"line":133,"column":8},"end":{"line":133,"column":4597}},"16":{"start":{"line":141,"column":8},"end":{"line":141,"column":4856}},"17":{"start":{"line":148,"column":8},"end":{"line":148,"column":45}},"18":{"start":{"line":154,"column":8},"end":{"line":154,"column":28}},"19":{"start":{"line":158,"column":8},"end":{"line":158,"column":31}},"20":{"start":{"line":162,"column":8},"end":{"line":162,"column":29}},"21":{"start":{"line":166,"column":8},"end":{"line":166,"column":28}},"22":{"start":{"line":170,"column":8},"end":{"line":170,"column":24}},"23":{"start":{"line":174,"column":8},"end":{"line":174,"column":31}},"24":{"start":{"line":178,"column":8},"end":{"line":178,"column":30}},"25":{"start":{"line":182,"column":8},"end":{"line":182,"column":36}}},"branchMap":{"1":{"line":83,"type":"if","locations":[{"start":{"line":83,"column":8},"end":{"line":83,"column":8}},{"start":{"line":83,"column":8},"end":{"line":83,"column":8}}]},"2":{"line":90,"type":"if","locations":[{"start":{"line":90,"column":8},"end":{"line":90,"column":8}},{"start":{"line":90,"column":8},"end":{"line":90,"column":8}}]},"3":{"line":93,"type":"if","locations":[{"start":{"line":93,"column":8},"end":{"line":93,"column":8}},{"start":{"line":93,"column":8},"end":{"line":93,"column":8}}]},"4":{"line":133,"type":"if","locations":[{"start":{"line":133,"column":8},"end":{"line":133,"column":8}},{"start":{"line":133,"column":8},"end":{"line":133,"column":8}}]}}},"contracts/test/VRFCoordinatorV2Mock.sol":{"l":{},"path":"/home/andrew/tutorial/hh-fcc/hardhat-smart-raffle/contracts/test/VRFCoordinatorV2Mock.sol","s":{},"b":{},"f":{},"fnMap":{},"statementMap":{},"branchMap":{}}}