TN:
SF:/home/andrew/tutorial/hh-fcc/hardhat-smart-raffle/contracts/Raffle.sol
FN:60,constructor
FN:71,fulfillRandomWords
FN:89,enterRaffle
FN:109,checkUpkeep
FN:126,performUpkeep
FN:153,getEntranceFee
FN:157,getPlayer
FN:161,getRecentWinner
FN:165,getRaffleStage
FN:169,getNumWords
FN:173,getNumberOfPlayers
FN:177,getLatestTimestamp
FN:181,getRequestConfirmations
FNF:13
FNH:0
FNDA:0,constructor
FNDA:0,fulfillRandomWords
FNDA:0,enterRaffle
FNDA:0,checkUpkeep
FNDA:0,performUpkeep
FNDA:0,getEntranceFee
FNDA:0,getPlayer
FNDA:0,getRecentWinner
FNDA:0,getRaffleStage
FNDA:0,getNumWords
FNDA:0,getNumberOfPlayers
FNDA:0,getLatestTimestamp
FNDA:0,getRequestConfirmations
DA:61,0
DA:62,0
DA:63,0
DA:64,0
DA:65,0
DA:66,0
DA:67,0
DA:68,0
DA:75,0
DA:76,0
DA:77,0
DA:78,0
DA:79,0
DA:80,0
DA:81,0
DA:83,0
DA:84,0
DA:86,0
DA:90,0
DA:91,0
DA:93,0
DA:94,0
DA:96,0
DA:97,0
DA:119,0
DA:120,0
DA:121,0
DA:122,0
DA:123,0
DA:132,0
DA:133,0
DA:134,0
DA:140,0
DA:141,0
DA:148,0
DA:154,0
DA:158,0
DA:162,0
DA:166,0
DA:170,0
DA:174,0
DA:178,0
DA:182,0
LF:43
LH:0
BRDA:83,1,0,0
BRDA:83,1,1,0
BRDA:90,2,0,0
BRDA:90,2,1,0
BRDA:93,3,0,0
BRDA:93,3,1,0
BRDA:133,4,0,0
BRDA:133,4,1,0
BRF:8
BRH:0
end_of_record
TN:
SF:/home/andrew/tutorial/hh-fcc/hardhat-smart-raffle/contracts/test/VRFCoordinatorV2Mock.sol
FNF:0
FNH:0
LF:0
LH:0
BRF:0
BRH:0
end_of_record
